Log file opened on Mon Jan 21 22:29:41 2019
Host: Paus-MacBook-Pro.local  pid: 68791  rank ID: 0  number of ranks:  1
                      :-) GROMACS - gmx mdrun, 2018.1 (-:

                            GROMACS is written by:
     Emile Apol      Rossen Apostolov      Paul Bauer     Herman J.C. Berendsen
    Par Bjelkmar    Aldert van Buuren   Rudi van Drunen     Anton Feenstra  
  Gerrit Groenhof    Aleksei Iupinov   Christoph Junghans   Anca Hamuraru   
 Vincent Hindriksen Dimitrios Karkoulis    Peter Kasson        Jiri Kraus    
  Carsten Kutzner      Per Larsson      Justin A. Lemkul    Viveca Lindahl  
  Magnus Lundborg   Pieter Meulenhoff    Erik Marklund      Teemu Murtola   
    Szilard Pall       Sander Pronk      Roland Schulz     Alexey Shvetsov  
   Michael Shirts     Alfons Sijbers     Peter Tieleman    Teemu Virolainen 
 Christian Wennberg    Maarten Wolf   
                           and the project leaders:
        Mark Abraham, Berk Hess, Erik Lindahl, and David van der Spoel

Copyright (c) 1991-2000, University of Groningen, The Netherlands.
Copyright (c) 2001-2017, The GROMACS development team at
Uppsala University, Stockholm University and
the Royal Institute of Technology, Sweden.
check out http://www.gromacs.org for more information.

GROMACS is free software; you can redistribute it and/or modify it
under the terms of the GNU Lesser General Public License
as published by the Free Software Foundation; either version 2.1
of the License, or (at your option) any later version.

GROMACS:      gmx mdrun, version 2018.1
Executable:   /usr/local/gromacs/bin/gmx
Data prefix:  /usr/local/gromacs
Working dir:  /Users/pau/projects/biobb_workflows/biobb_workflows/lysozyme_tutorial/notebooks
Command line:
  gmx mdrun -s 1aki_gppnvt.tpr -o 1aki_nvt.trr -c 1aki_nvt.gro -e 1aki_nvt.edr -g 1aki_nvt.log -nt 0 -cpo 1aki_nvt.cpt

GROMACS version:    2018.1
Precision:          single
Memory model:       64 bit
MPI library:        thread_mpi
OpenMP support:     disabled
GPU support:        disabled
SIMD instructions:  AVX2_256
FFT library:        fftw-3.3.5-sse2
RDTSCP usage:       enabled
TNG support:        enabled
Hwloc support:      disabled
Tracing support:    disabled
Built on:           2018-05-28 14:03:59
Built by:           pau@Paus-MacBook-Pro.local [CMAKE]
Build OS/arch:      Darwin 17.5.0 x86_64
Build CPU vendor:   Intel
Build CPU brand:    Intel(R) Core(TM) i7-7700HQ CPU @ 2.80GHz
Build CPU family:   6   Model: 158   Stepping: 9
Build CPU features: aes apic avx avx2 clfsh cmov cx8 cx16 f16c fma htt intel lahf mmx msr nonstop_tsc pcid pclmuldq pdcm pdpe1gb popcnt pse rdrnd rdtscp sse2 sse3 sse4.1 sse4.2 ssse3 tdt x2apic
C compiler:         /Applications/Xcode.app/Contents/Developer/Toolchains/XcodeDefault.xctoolchain/usr/bin/cc AppleClang 9.1.0.9020039
C compiler flags:    -march=core-avx2    -Wno-unknown-pragmas  -O3 -DNDEBUG  
C++ compiler:       /Applications/Xcode.app/Contents/Developer/Toolchains/XcodeDefault.xctoolchain/usr/bin/c++ AppleClang 9.1.0.9020039
C++ compiler flags:  -march=core-avx2    -std=c++11  -Wno-unknown-pragmas  -O3 -DNDEBUG  


Running on 1 node with total 8 cores, 8 logical cores
Hardware detected:
  CPU info:
    Vendor: Intel
    Brand:  Intel(R) Core(TM) i7-7700HQ CPU @ 2.80GHz
    Family: 6   Model: 158   Stepping: 9
    Features: aes apic avx avx2 clfsh cmov cx8 cx16 f16c fma htt intel lahf mmx msr nonstop_tsc pcid pclmuldq pdcm pdpe1gb popcnt pse rdrnd rdtscp sse2 sse3 sse4.1 sse4.2 ssse3 tdt x2apic
  Hardware topology: Only logical processor count


++++ PLEASE READ AND CITE THE FOLLOWING REFERENCE ++++
M. J. Abraham, T. Murtola, R. Schulz, S. Páll, J. C. Smith, B. Hess, E.
Lindahl
GROMACS: High performance molecular simulations through multi-level
parallelism from laptops to supercomputers
SoftwareX 1 (2015) pp. 19-25
-------- -------- --- Thank You --- -------- --------


++++ PLEASE READ AND CITE THE FOLLOWING REFERENCE ++++
S. Páll, M. J. Abraham, C. Kutzner, B. Hess, E. Lindahl
Tackling Exascale Software Challenges in Molecular Dynamics Simulations with
GROMACS
In S. Markidis & E. Laure (Eds.), Solving Software Challenges for Exascale 8759 (2015) pp. 3-27
-------- -------- --- Thank You --- -------- --------


++++ PLEASE READ AND CITE THE FOLLOWING REFERENCE ++++
S. Pronk, S. Páll, R. Schulz, P. Larsson, P. Bjelkmar, R. Apostolov, M. R.
Shirts, J. C. Smith, P. M. Kasson, D. van der Spoel, B. Hess, and E. Lindahl
GROMACS 4.5: a high-throughput and highly parallel open source molecular
simulation toolkit
Bioinformatics 29 (2013) pp. 845-54
-------- -------- --- Thank You --- -------- --------


++++ PLEASE READ AND CITE THE FOLLOWING REFERENCE ++++
B. Hess and C. Kutzner and D. van der Spoel and E. Lindahl
GROMACS 4: Algorithms for highly efficient, load-balanced, and scalable
molecular simulation
J. Chem. Theory Comput. 4 (2008) pp. 435-447
-------- -------- --- Thank You --- -------- --------


++++ PLEASE READ AND CITE THE FOLLOWING REFERENCE ++++
D. van der Spoel, E. Lindahl, B. Hess, G. Groenhof, A. E. Mark and H. J. C.
Berendsen
GROMACS: Fast, Flexible and Free
J. Comp. Chem. 26 (2005) pp. 1701-1719
-------- -------- --- Thank You --- -------- --------


++++ PLEASE READ AND CITE THE FOLLOWING REFERENCE ++++
E. Lindahl and B. Hess and D. van der Spoel
GROMACS 3.0: A package for molecular simulation and trajectory analysis
J. Mol. Mod. 7 (2001) pp. 306-317
-------- -------- --- Thank You --- -------- --------


++++ PLEASE READ AND CITE THE FOLLOWING REFERENCE ++++
H. J. C. Berendsen, D. van der Spoel and R. van Drunen
GROMACS: A message-passing parallel molecular dynamics implementation
Comp. Phys. Comm. 91 (1995) pp. 43-56
-------- -------- --- Thank You --- -------- --------

Input Parameters:
   integrator                     = md
   tinit                          = 0
   dt                             = 0.002
   nsteps                         = 5000
   init-step                      = 0
   simulation-part                = 1
   comm-mode                      = Linear
   nstcomm                        = 100
   bd-fric                        = 0
   ld-seed                        = -2042155488
   emtol                          = 10
   emstep                         = 0.01
   niter                          = 20
   fcstep                         = 0
   nstcgsteep                     = 1000
   nbfgscorr                      = 10
   rtpi                           = 0.05
   nstxout                        = 500
   nstvout                        = 500
   nstfout                        = 0
   nstlog                         = 500
   nstcalcenergy                  = 100
   nstenergy                      = 500
   nstxout-compressed             = 1000
   compressed-x-precision         = 1000
   cutoff-scheme                  = Verlet
   nstlist                        = 10
   ns-type                        = Grid
   pbc                            = xyz
   periodic-molecules             = false
   verlet-buffer-tolerance        = 0.005
   rlist                          = 1
   coulombtype                    = PME
   coulomb-modifier               = Potential-shift
   rcoulomb-switch                = 0
   rcoulomb                       = 1
   epsilon-r                      = 1
   epsilon-rf                     = inf
   vdw-type                       = Cut-off
   vdw-modifier                   = Potential-shift
   rvdw-switch                    = 0
   rvdw                           = 1
   DispCorr                       = EnerPres
   table-extension                = 1
   fourierspacing                 = 0.12
   fourier-nx                     = 60
   fourier-ny                     = 60
   fourier-nz                     = 60
   pme-order                      = 4
   ewald-rtol                     = 1e-05
   ewald-rtol-lj                  = 0.001
   lj-pme-comb-rule               = Geometric
   ewald-geometry                 = 0
   epsilon-surface                = 0
   implicit-solvent               = No
   gb-algorithm                   = Still
   nstgbradii                     = 1
   rgbradii                       = 1
   gb-epsilon-solvent             = 80
   gb-saltconc                    = 0
   gb-obc-alpha                   = 1
   gb-obc-beta                    = 0.8
   gb-obc-gamma                   = 4.85
   gb-dielectric-offset           = 0.009
   sa-algorithm                   = Ace-approximation
   sa-surface-tension             = 2.05016
   tcoupl                         = V-rescale
   nsttcouple                     = 10
   nh-chain-length                = 0
   print-nose-hoover-chain-variables = false
   pcoupl                         = No
   pcoupltype                     = Isotropic
   nstpcouple                     = -1
   tau-p                          = 1
   compressibility (3x3):
      compressibility[    0]={ 0.00000e+00,  0.00000e+00,  0.00000e+00}
      compressibility[    1]={ 0.00000e+00,  0.00000e+00,  0.00000e+00}
      compressibility[    2]={ 0.00000e+00,  0.00000e+00,  0.00000e+00}
   ref-p (3x3):
      ref-p[    0]={ 0.00000e+00,  0.00000e+00,  0.00000e+00}
      ref-p[    1]={ 0.00000e+00,  0.00000e+00,  0.00000e+00}
      ref-p[    2]={ 0.00000e+00,  0.00000e+00,  0.00000e+00}
   refcoord-scaling               = No
   posres-com (3):
      posres-com[0]= 0.00000e+00
      posres-com[1]= 0.00000e+00
      posres-com[2]= 0.00000e+00
   posres-comB (3):
      posres-comB[0]= 0.00000e+00
      posres-comB[1]= 0.00000e+00
      posres-comB[2]= 0.00000e+00
   QMMM                           = false
   QMconstraints                  = 0
   QMMMscheme                     = 0
   MMChargeScaleFactor            = 1
qm-opts:
   ngQM                           = 0
   constraint-algorithm           = Lincs
   continuation                   = false
   Shake-SOR                      = false
   shake-tol                      = 0.0001
   lincs-order                    = 4
   lincs-iter                     = 1
   lincs-warnangle                = 30
   nwall                          = 0
   wall-type                      = 9-3
   wall-r-linpot                  = -1
   wall-atomtype[0]               = -1
   wall-atomtype[1]               = -1
   wall-density[0]                = 0
   wall-density[1]                = 0
   wall-ewald-zfac                = 3
   pull                           = false
   awh                            = false
   rotation                       = false
   interactiveMD                  = false
   disre                          = No
   disre-weighting                = Conservative
   disre-mixed                    = false
   dr-fc                          = 1000
   dr-tau                         = 0
   nstdisreout                    = 100
   orire-fc                       = 0
   orire-tau                      = 0
   nstorireout                    = 100
   free-energy                    = no
   cos-acceleration               = 0
   deform (3x3):
      deform[    0]={ 0.00000e+00,  0.00000e+00,  0.00000e+00}
      deform[    1]={ 0.00000e+00,  0.00000e+00,  0.00000e+00}
      deform[    2]={ 0.00000e+00,  0.00000e+00,  0.00000e+00}
   simulated-tempering            = false
   swapcoords                     = no
   userint1                       = 0
   userint2                       = 0
   userint3                       = 0
   userint4                       = 0
   userreal1                      = 0
   userreal2                      = 0
   userreal3                      = 0
   userreal4                      = 0
   applied-forces:
     electric-field:
       x:
         E0                       = 0
         omega                    = 0
         t0                       = 0
         sigma                    = 0
       y:
         E0                       = 0
         omega                    = 0
         t0                       = 0
         sigma                    = 0
       z:
         E0                       = 0
         omega                    = 0
         t0                       = 0
         sigma                    = 0
grpopts:
   nrdf:     3904.83     63771.2
   ref-t:         300         300
   tau-t:         0.1         0.1
annealing:          No          No
annealing-npoints:           0           0
   acc:	           0           0           0
   nfreeze:           N           N           N
   energygrp-flags[  0]: 0

Changing nstlist from 10 to 50, rlist from 1 to 1.115


Initializing Domain Decomposition on 8 ranks
Dynamic load balancing: locked
Initial maximum inter charge-group distances:
    two-body bonded interactions: 0.448 nm, LJ-14, atoms 1161 1410
  multi-body bonded interactions: 0.448 nm, Proper Dih., atoms 1161 1410
Minimum cell size due to bonded interactions: 0.493 nm
Maximum distance for 5 constraints, at 120 deg. angles, all-trans: 0.871 nm
Estimated maximum distance required for P-LINCS: 0.871 nm
This distance will limit the DD cell size, you can override this with -rcon
Using 0 separate PME ranks, as there are too few total
 ranks for efficient splitting
Scaling the initial minimum size with 1/0.8 (option -dds) = 1.25
Optimizing the DD grid for 8 cells with a minimum initial size of 1.089 nm
The maximum allowed number of cells is: X 6 Y 6 Z 6
Domain decomposition grid 4 x 2 x 1, separate PME ranks 0
PME domain decomposition: 4 x 2 x 1
Domain decomposition rank 0, coordinates 0 0 0

The initial number of communication pulses is: X 1 Y 1
The initial domain decomposition cell size is: X 1.75 nm Y 3.51 nm

The maximum allowed distance for charge groups involved in interactions is:
                 non-bonded interactions           1.115 nm
            two-body bonded interactions  (-rdd)   1.115 nm
          multi-body bonded interactions  (-rdd)   1.115 nm
  atoms separated by up to 5 constraints  (-rcon)  1.753 nm

When dynamic load balancing gets turned on, these settings will change to:
The maximum number of communication pulses is: X 1 Y 1
The minimum size for domain decomposition cells is 1.115 nm
The requested allowed shrink of DD cells (option -dds) is: 0.80
The allowed shrink of domain decomposition cells is: X 0.64 Y 0.32
The maximum allowed distance for charge groups involved in interactions is:
                 non-bonded interactions           1.115 nm
            two-body bonded interactions  (-rdd)   1.115 nm
          multi-body bonded interactions  (-rdd)   1.115 nm
  atoms separated by up to 5 constraints  (-rcon)  1.115 nm

Using 8 MPI threads
System total charge: 0.000
Will do PME sum in reciprocal space for electrostatic interactions.

++++ PLEASE READ AND CITE THE FOLLOWING REFERENCE ++++
U. Essmann, L. Perera, M. L. Berkowitz, T. Darden, H. Lee and L. G. Pedersen 
A smooth particle mesh Ewald method
J. Chem. Phys. 103 (1995) pp. 8577-8592
-------- -------- --- Thank You --- -------- --------

Using a Gaussian width (1/beta) of 0.320163 nm for Ewald
Potential shift: LJ r^-12: -1.000e+00 r^-6: -1.000e+00, Ewald -1.000e-05
Initialized non-bonded Ewald correction tables, spacing: 9.33e-04 size: 1073

Long Range LJ corr.: <C6> 3.1941e-04
Generated table with 1057 data points for Ewald.
Tabscale = 500 points/nm
Generated table with 1057 data points for LJ6.
Tabscale = 500 points/nm
Generated table with 1057 data points for LJ12.
Tabscale = 500 points/nm
Generated table with 1057 data points for 1-4 COUL.
Tabscale = 500 points/nm
Generated table with 1057 data points for 1-4 LJ6.
Tabscale = 500 points/nm
Generated table with 1057 data points for 1-4 LJ12.
Tabscale = 500 points/nm

Using SIMD 4x8 nonbonded short-range kernels

Using a dual 4x8 pair-list setup updated with dynamic pruning:
  outer list: updated every 50 steps, buffer 0.115 nm, rlist 1.115 nm
  inner list: updated every 12 steps, buffer 0.002 nm, rlist 1.002 nm
At tolerance 0.005 kJ/mol/ps per atom, equivalent classical 1x1 list would be:
  outer list: updated every 50 steps, buffer 0.243 nm, rlist 1.243 nm
  inner list: updated every 12 steps, buffer 0.047 nm, rlist 1.047 nm

Using Lorentz-Berthelot Lennard-Jones combination rule

Removing pbc first time

Initializing Parallel LINear Constraint Solver

++++ PLEASE READ AND CITE THE FOLLOWING REFERENCE ++++
B. Hess
P-LINCS: A Parallel Linear Constraint Solver for molecular simulation
J. Chem. Theory Comput. 4 (2008) pp. 116-122
-------- -------- --- Thank You --- -------- --------

The number of constraints is 1990
There are inter charge-group constraints,
will communicate selected coordinates each lincs iteration

++++ PLEASE READ AND CITE THE FOLLOWING REFERENCE ++++
S. Miyamoto and P. A. Kollman
SETTLE: An Analytical Version of the SHAKE and RATTLE Algorithms for Rigid
Water Models
J. Comp. Chem. 13 (1992) pp. 952-962
-------- -------- --- Thank You --- -------- --------


Linking all bonded interactions to atoms


Intra-simulation communication will occur every 10 steps.
Center of mass motion removal mode is Linear
We have the following groups for center of mass motion removal:
  0:  rest

++++ PLEASE READ AND CITE THE FOLLOWING REFERENCE ++++
G. Bussi, D. Donadio and M. Parrinello
Canonical sampling through velocity rescaling
J. Chem. Phys. 126 (2007) pp. 014101
-------- -------- --- Thank You --- -------- --------

There are: 33838 Atoms
Atom distribution over 8 domains: av 4229 stddev 103 min 4150 max 4369

Constraining the starting coordinates (step 0)

Constraining the coordinates at t0-dt (step 0)
RMS relative constraint deviation after constraining: 0.00e+00
Initial temperature: 301.057 K

Started mdrun on rank 0 Mon Jan 21 22:29:43 2019
           Step           Time
              0        0.00000

   Energies (kJ/mol)
          Angle    Proper Dih.  Improper Dih.          LJ-14     Coulomb-14
    1.49252e+03    4.70724e+03    7.71327e+01    1.75826e+03    1.67092e+04
        LJ (SR)  Disper. corr.   Coulomb (SR)   Coul. recip. Position Rest.
    9.78853e+04   -4.44168e+03   -7.25319e+05    2.86212e+03    9.76764e-01
      Potential    Kinetic En.   Total Energy  Conserved En.    Temperature
   -6.04268e+05    8.47280e+04   -5.19540e+05   -5.19540e+05    3.01154e+02
 Pres. DC (bar) Pressure (bar)   Constr. rmsd
   -2.14366e+02   -6.10561e+03    5.03623e-05

DD  step 49 load imb.: force  7.0%


step 100 Turning on dynamic load balancing, because the performance loss due to load imbalance is 3.4 %.

DD  step 499  vol min/aver 0.939  load imb.: force  2.4%

           Step           Time
            500        1.00000

   Energies (kJ/mol)
          Angle    Proper Dih.  Improper Dih.          LJ-14     Coulomb-14
    3.79808e+03    5.21854e+03    2.51444e+02    2.11994e+03    1.71088e+04
        LJ (SR)  Disper. corr.   Coulomb (SR)   Coul. recip. Position Rest.
    9.15958e+04   -4.44168e+03   -6.41099e+05    3.31513e+03    4.80939e+02
      Potential    Kinetic En.   Total Energy  Conserved En.    Temperature
   -5.21652e+05    8.44168e+04   -4.37236e+05   -5.18750e+05    3.00048e+02
 Pres. DC (bar) Pressure (bar)   Constr. rmsd
   -2.14366e+02   -2.50621e+02    2.71389e-05

DD  step 999  vol min/aver 0.930  load imb.: force  3.2%

           Step           Time
           1000        2.00000

   Energies (kJ/mol)
          Angle    Proper Dih.  Improper Dih.          LJ-14     Coulomb-14
    3.81925e+03    5.19542e+03    2.50265e+02    2.09810e+03    1.70070e+04
        LJ (SR)  Disper. corr.   Coulomb (SR)   Coul. recip. Position Rest.
    9.06897e+04   -4.44168e+03   -6.41887e+05    3.10900e+03    4.60807e+02
      Potential    Kinetic En.   Total Energy  Conserved En.    Temperature
   -5.23699e+05    8.34842e+04   -4.40215e+05   -5.18756e+05    2.96733e+02
 Pres. DC (bar) Pressure (bar)   Constr. rmsd
   -2.14366e+02   -4.03984e+02    2.77277e-05

DD  step 1499  vol min/aver 0.935  load imb.: force  2.1%

           Step           Time
           1500        3.00000

   Energies (kJ/mol)
          Angle    Proper Dih.  Improper Dih.          LJ-14     Coulomb-14
    3.84640e+03    5.20533e+03    2.60363e+02    2.16020e+03    1.70641e+04
        LJ (SR)  Disper. corr.   Coulomb (SR)   Coul. recip. Position Rest.
    9.16502e+04   -4.44168e+03   -6.42771e+05    3.14023e+03    4.42805e+02
      Potential    Kinetic En.   Total Energy  Conserved En.    Temperature
   -5.23443e+05    8.48144e+04   -4.38629e+05   -5.18798e+05    3.01461e+02
 Pres. DC (bar) Pressure (bar)   Constr. rmsd
   -2.14366e+02   -3.72496e+02    2.89982e-05

DD  step 1999  vol min/aver 0.950  load imb.: force  1.4%


step 2000 Turning off dynamic load balancing, because it is degrading performance.

Atom distribution over 8 domains: av 4229 stddev 87 min 4171 max 4288
           Step           Time
           2000        4.00000

   Energies (kJ/mol)
          Angle    Proper Dih.  Improper Dih.          LJ-14     Coulomb-14
    3.82931e+03    5.11275e+03    2.51854e+02    2.07713e+03    1.69933e+04
        LJ (SR)  Disper. corr.   Coulomb (SR)   Coul. recip. Position Rest.
    9.06912e+04   -4.44168e+03   -6.42870e+05    3.21461e+03    4.57412e+02
      Potential    Kinetic En.   Total Energy  Conserved En.    Temperature
   -5.24684e+05    8.45004e+04   -4.40183e+05   -5.18799e+05    3.00344e+02
 Pres. DC (bar) Pressure (bar)   Constr. rmsd
   -2.14366e+02   -7.50486e+02    2.63274e-05

DD  step 2499 load imb.: force  9.3%

           Step           Time
           2500        5.00000

   Energies (kJ/mol)
          Angle    Proper Dih.  Improper Dih.          LJ-14     Coulomb-14
    3.86459e+03    5.14023e+03    2.83807e+02    2.10928e+03    1.70800e+04
        LJ (SR)  Disper. corr.   Coulomb (SR)   Coul. recip. Position Rest.
    9.25876e+04   -4.44168e+03   -6.45785e+05    3.11985e+03    4.99847e+02
      Potential    Kinetic En.   Total Energy  Conserved En.    Temperature
   -5.25542e+05    8.44795e+04   -4.41062e+05   -5.18837e+05    3.00271e+02
 Pres. DC (bar) Pressure (bar)   Constr. rmsd
   -2.14366e+02   -2.84394e+02    2.50637e-05

DD  step 2999 load imb.: force  5.5%

           Step           Time
           3000        6.00000

   Energies (kJ/mol)
          Angle    Proper Dih.  Improper Dih.          LJ-14     Coulomb-14
    3.85469e+03    5.15090e+03    3.28742e+02    2.12562e+03    1.69751e+04
        LJ (SR)  Disper. corr.   Coulomb (SR)   Coul. recip. Position Rest.
    9.35811e+04   -4.44168e+03   -6.45419e+05    3.10207e+03    4.58598e+02
      Potential    Kinetic En.   Total Energy  Conserved En.    Temperature
   -5.24283e+05    8.34952e+04   -4.40788e+05   -5.18837e+05    2.96772e+02
 Pres. DC (bar) Pressure (bar)   Constr. rmsd
   -2.14366e+02   -3.52150e+02    2.40230e-05

DD  step 3499 load imb.: force  5.0%

           Step           Time
           3500        7.00000

   Energies (kJ/mol)
          Angle    Proper Dih.  Improper Dih.          LJ-14     Coulomb-14
    3.82720e+03    5.21599e+03    2.51016e+02    2.09766e+03    1.69488e+04
        LJ (SR)  Disper. corr.   Coulomb (SR)   Coul. recip. Position Rest.
    9.11194e+04   -4.44168e+03   -6.42594e+05    3.11412e+03    4.33115e+02
      Potential    Kinetic En.   Total Energy  Conserved En.    Temperature
   -5.24029e+05    8.44346e+04   -4.39594e+05   -5.18884e+05    3.00111e+02
 Pres. DC (bar) Pressure (bar)   Constr. rmsd
   -2.14366e+02   -7.55180e+02    2.82004e-05

DD  step 3999 load imb.: force  5.5%

           Step           Time
           4000        8.00000

   Energies (kJ/mol)
          Angle    Proper Dih.  Improper Dih.          LJ-14     Coulomb-14
    4.02787e+03    5.21258e+03    2.60744e+02    2.12439e+03    1.70319e+04
        LJ (SR)  Disper. corr.   Coulomb (SR)   Coul. recip. Position Rest.
    9.14295e+04   -4.44168e+03   -6.42507e+05    3.14632e+03    4.17647e+02
      Potential    Kinetic En.   Total Energy  Conserved En.    Temperature
   -5.23297e+05    8.47287e+04   -4.38569e+05   -5.18906e+05    3.01156e+02
 Pres. DC (bar) Pressure (bar)   Constr. rmsd
   -2.14366e+02   -7.30515e+02    2.95120e-05

DD  step 4499 load imb.: force  5.7%

           Step           Time
           4500        9.00000

   Energies (kJ/mol)
          Angle    Proper Dih.  Improper Dih.          LJ-14     Coulomb-14
    3.85546e+03    5.17091e+03    2.65311e+02    2.13798e+03    1.69817e+04
        LJ (SR)  Disper. corr.   Coulomb (SR)   Coul. recip. Position Rest.
    9.20335e+04   -4.44168e+03   -6.43901e+05    3.13779e+03    4.60157e+02
      Potential    Kinetic En.   Total Energy  Conserved En.    Temperature
   -5.24300e+05    8.43458e+04   -4.39954e+05   -5.18932e+05    2.99795e+02
 Pres. DC (bar) Pressure (bar)   Constr. rmsd
   -2.14366e+02   -2.88129e+02    2.68802e-05

DD  step 4999 load imb.: force  6.0%

           Step           Time
           5000       10.00000

Writing checkpoint, step 5000 at Mon Jan 21 22:30:25 2019


   Energies (kJ/mol)
          Angle    Proper Dih.  Improper Dih.          LJ-14     Coulomb-14
    3.96952e+03    5.17951e+03    2.57695e+02    2.13941e+03    1.69716e+04
        LJ (SR)  Disper. corr.   Coulomb (SR)   Coul. recip. Position Rest.
    9.20523e+04   -4.44168e+03   -6.44060e+05    3.20406e+03    4.42106e+02
      Potential    Kinetic En.   Total Energy  Conserved En.    Temperature
   -5.24285e+05    8.47389e+04   -4.39546e+05   -5.18931e+05    3.01192e+02
 Pres. DC (bar) Pressure (bar)   Constr. rmsd
   -2.14366e+02   -5.19287e+02    2.71408e-05

	<======  ###############  ==>
	<====  A V E R A G E S  ====>
	<==  ###############  ======>

	Statistics over 5001 steps using 51 frames

   Energies (kJ/mol)
          Angle    Proper Dih.  Improper Dih.          LJ-14     Coulomb-14
    3.81457e+03    5.19202e+03    2.65342e+02    2.11583e+03    1.70043e+04
        LJ (SR)  Disper. corr.   Coulomb (SR)   Coul. recip. Position Rest.
    9.18979e+04   -4.44168e+03   -6.45312e+05    3.13566e+03    4.51415e+02
      Potential    Kinetic En.   Total Energy  Conserved En.    Temperature
   -5.25876e+05    8.38733e+04   -4.42003e+05   -5.18849e+05    2.98116e+02
 Pres. DC (bar) Pressure (bar)   Constr. rmsd
   -2.14366e+02   -6.33815e+02    0.00000e+00

   Total Virial (kJ/mol)
    3.48383e+04    1.41942e+02    3.00770e+02
    1.42711e+02    3.43320e+04    1.35622e+02
    3.03668e+02    1.36571e+02    3.44260e+04

   Pressure (bar)
   -6.60571e+02   -1.63570e+01   -2.59790e+01
   -1.64311e+01   -6.16826e+02   -1.45758e+01
   -2.62584e+01   -1.46673e+01   -6.24049e+02

      T-Protein  T-non-Protein
    2.97872e+02    2.98131e+02


	M E G A - F L O P S   A C C O U N T I N G

 NB=Group-cutoff nonbonded kernels    NxN=N-by-N cluster Verlet kernels
 RF=Reaction-Field  VdW=Van der Waals  QSTab=quadratic-spline table
 W3=SPC/TIP3p  W4=TIP4p (single or pairs)
 V&F=Potential and force  V=Potential only  F=Force only

 Computing:                               M-Number         M-Flops  % Flops
-----------------------------------------------------------------------------
 Pair Search distance check            1478.583208       13307.249     0.2
 NxN Ewald Elec. + LJ [F]             53323.758432     3519368.057    51.2
 NxN Ewald Elec. + LJ [V&F]             549.381488       58783.819     0.9
 NxN Ewald Elec. [F]                  45848.143552     2796736.757    40.7
 NxN Ewald Elec. [V&F]                  472.424464       39683.655     0.6
 1,4 nonbonded interactions              25.590117        2303.111     0.0
 Calc Weights                           507.671514       18276.175     0.3
 Spread Q Bspline                     10830.325632       21660.651     0.3
 Gather F Bspline                     10830.325632       64981.954     0.9
 3D-FFT                               38284.305330      306274.443     4.5
 Solve PME                               36.007200        2304.461     0.0
 Reset In Box                             3.383800          10.151     0.0
 CG-CoM                                   3.451476          10.354     0.0
 Angles                                  17.773554        2985.957     0.0
 Propers                                 27.915582        6392.668     0.1
 Impropers                                2.160432         449.370     0.0
 Pos. Restr.                              5.031006         251.550     0.0
 Virial                                   1.744098          31.394     0.0
 Stop-CM                                  1.759576          17.596     0.0
 Calc-Ekin                               33.905676         915.453     0.0
 Lincs                                   15.046033         902.762     0.0
 Lincs-Mat                              319.298616        1277.194     0.0
 Constraint-V                           201.645787        1613.166     0.0
 Constraint-Vir                           1.902394          45.657     0.0
 Settle                                  57.197975       18474.946     0.3
-----------------------------------------------------------------------------
 Total                                                 6877058.550   100.0
-----------------------------------------------------------------------------


    D O M A I N   D E C O M P O S I T I O N   S T A T I S T I C S

 av. #atoms communicated per step for force:  2 x 37860.6
 av. #atoms communicated per step for LINCS:  2 x 3521.2


 Dynamic load balancing report:
 DLB was off during the run due to low measured imbalance.
 Average load imbalance: 3.1%.
 The balanceable part of the MD step is 63%, load imbalance is computed from this.
 Part of the total run time spent waiting due to load imbalance: 2.0%.


     R E A L   C Y C L E   A N D   T I M E   A C C O U N T I N G

On 8 MPI ranks

 Computing:          Num   Num      Call    Wall time         Giga-Cycles
                     Ranks Threads  Count      (s)         total sum    %
-----------------------------------------------------------------------------
 Domain decomp.         8    1        101       0.298          6.687   0.7
 DD comm. load          8    1         46       0.001          0.023   0.0
 DD comm. bounds        8    1         38       0.002          0.038   0.0
 Neighbor search        8    1        101       0.727         16.331   1.7
 Comm. coord.           8    1       4900       0.553         12.429   1.3
 Force                  8    1       5001      25.273        567.719  59.8
 Wait + Comm. F         8    1       5001       0.358          8.049   0.8
 PME mesh               8    1       5001      12.522        281.298  29.6
 NB X/F buffer ops.     8    1      14801       0.441          9.896   1.0
 Write traj.            8    1         11       0.046          1.037   0.1
 Update                 8    1       5001       0.542         12.171   1.3
 Constraints            8    1       5001       1.366         30.693   3.2
 Comm. energies         8    1        501       0.034          0.761   0.1
 Rest                                           0.086          1.939   0.2
-----------------------------------------------------------------------------
 Total                                         42.249        949.071 100.0
-----------------------------------------------------------------------------
 Breakdown of PME mesh computation
-----------------------------------------------------------------------------
 PME redist. X/F        8    1      10002       3.983         89.472   9.4
 PME spread             8    1       5001       3.214         72.197   7.6
 PME gather             8    1       5001       1.638         36.803   3.9
 PME 3D-FFT             8    1      10002       2.751         61.806   6.5
 PME 3D-FFT Comm.       8    1      20004       0.591         13.279   1.4
 PME solve Elec         8    1       5001       0.337          7.561   0.8
-----------------------------------------------------------------------------

               Core t (s)   Wall t (s)        (%)
       Time:      337.994       42.249      800.0
                 (ns/day)    (hour/ns)
Performance:       20.454        1.173
Finished mdrun on rank 0 Mon Jan 21 22:30:25 2019
