Log file opened on Mon Jan 21 22:30:33 2019
Host: Paus-MacBook-Pro.local  pid: 68823  rank ID: 0  number of ranks:  1
                      :-) GROMACS - gmx mdrun, 2018.1 (-:

                            GROMACS is written by:
     Emile Apol      Rossen Apostolov      Paul Bauer     Herman J.C. Berendsen
    Par Bjelkmar    Aldert van Buuren   Rudi van Drunen     Anton Feenstra  
  Gerrit Groenhof    Aleksei Iupinov   Christoph Junghans   Anca Hamuraru   
 Vincent Hindriksen Dimitrios Karkoulis    Peter Kasson        Jiri Kraus    
  Carsten Kutzner      Per Larsson      Justin A. Lemkul    Viveca Lindahl  
  Magnus Lundborg   Pieter Meulenhoff    Erik Marklund      Teemu Murtola   
    Szilard Pall       Sander Pronk      Roland Schulz     Alexey Shvetsov  
   Michael Shirts     Alfons Sijbers     Peter Tieleman    Teemu Virolainen 
 Christian Wennberg    Maarten Wolf   
                           and the project leaders:
        Mark Abraham, Berk Hess, Erik Lindahl, and David van der Spoel

Copyright (c) 1991-2000, University of Groningen, The Netherlands.
Copyright (c) 2001-2017, The GROMACS development team at
Uppsala University, Stockholm University and
the Royal Institute of Technology, Sweden.
check out http://www.gromacs.org for more information.

GROMACS is free software; you can redistribute it and/or modify it
under the terms of the GNU Lesser General Public License
as published by the Free Software Foundation; either version 2.1
of the License, or (at your option) any later version.

GROMACS:      gmx mdrun, version 2018.1
Executable:   /usr/local/gromacs/bin/gmx
Data prefix:  /usr/local/gromacs
Working dir:  /Users/pau/projects/biobb_workflows/biobb_workflows/lysozyme_tutorial/notebooks
Command line:
  gmx mdrun -s 1aki_gppnpt.tpr -o 1aki_npt.trr -c 1aki_npt.gro -e 1aki_npt.edr -g 1aki_npt.log -nt 0 -cpo 1aki_npt.cpt

GROMACS version:    2018.1
Precision:          single
Memory model:       64 bit
MPI library:        thread_mpi
OpenMP support:     disabled
GPU support:        disabled
SIMD instructions:  AVX2_256
FFT library:        fftw-3.3.5-sse2
RDTSCP usage:       enabled
TNG support:        enabled
Hwloc support:      disabled
Tracing support:    disabled
Built on:           2018-05-28 14:03:59
Built by:           pau@Paus-MacBook-Pro.local [CMAKE]
Build OS/arch:      Darwin 17.5.0 x86_64
Build CPU vendor:   Intel
Build CPU brand:    Intel(R) Core(TM) i7-7700HQ CPU @ 2.80GHz
Build CPU family:   6   Model: 158   Stepping: 9
Build CPU features: aes apic avx avx2 clfsh cmov cx8 cx16 f16c fma htt intel lahf mmx msr nonstop_tsc pcid pclmuldq pdcm pdpe1gb popcnt pse rdrnd rdtscp sse2 sse3 sse4.1 sse4.2 ssse3 tdt x2apic
C compiler:         /Applications/Xcode.app/Contents/Developer/Toolchains/XcodeDefault.xctoolchain/usr/bin/cc AppleClang 9.1.0.9020039
C compiler flags:    -march=core-avx2    -Wno-unknown-pragmas  -O3 -DNDEBUG  
C++ compiler:       /Applications/Xcode.app/Contents/Developer/Toolchains/XcodeDefault.xctoolchain/usr/bin/c++ AppleClang 9.1.0.9020039
C++ compiler flags:  -march=core-avx2    -std=c++11  -Wno-unknown-pragmas  -O3 -DNDEBUG  


Running on 1 node with total 8 cores, 8 logical cores
Hardware detected:
  CPU info:
    Vendor: Intel
    Brand:  Intel(R) Core(TM) i7-7700HQ CPU @ 2.80GHz
    Family: 6   Model: 158   Stepping: 9
    Features: aes apic avx avx2 clfsh cmov cx8 cx16 f16c fma htt intel lahf mmx msr nonstop_tsc pcid pclmuldq pdcm pdpe1gb popcnt pse rdrnd rdtscp sse2 sse3 sse4.1 sse4.2 ssse3 tdt x2apic
  Hardware topology: Only logical processor count


++++ PLEASE READ AND CITE THE FOLLOWING REFERENCE ++++
M. J. Abraham, T. Murtola, R. Schulz, S. Páll, J. C. Smith, B. Hess, E.
Lindahl
GROMACS: High performance molecular simulations through multi-level
parallelism from laptops to supercomputers
SoftwareX 1 (2015) pp. 19-25
-------- -------- --- Thank You --- -------- --------


++++ PLEASE READ AND CITE THE FOLLOWING REFERENCE ++++
S. Páll, M. J. Abraham, C. Kutzner, B. Hess, E. Lindahl
Tackling Exascale Software Challenges in Molecular Dynamics Simulations with
GROMACS
In S. Markidis & E. Laure (Eds.), Solving Software Challenges for Exascale 8759 (2015) pp. 3-27
-------- -------- --- Thank You --- -------- --------


++++ PLEASE READ AND CITE THE FOLLOWING REFERENCE ++++
S. Pronk, S. Páll, R. Schulz, P. Larsson, P. Bjelkmar, R. Apostolov, M. R.
Shirts, J. C. Smith, P. M. Kasson, D. van der Spoel, B. Hess, and E. Lindahl
GROMACS 4.5: a high-throughput and highly parallel open source molecular
simulation toolkit
Bioinformatics 29 (2013) pp. 845-54
-------- -------- --- Thank You --- -------- --------


++++ PLEASE READ AND CITE THE FOLLOWING REFERENCE ++++
B. Hess and C. Kutzner and D. van der Spoel and E. Lindahl
GROMACS 4: Algorithms for highly efficient, load-balanced, and scalable
molecular simulation
J. Chem. Theory Comput. 4 (2008) pp. 435-447
-------- -------- --- Thank You --- -------- --------


++++ PLEASE READ AND CITE THE FOLLOWING REFERENCE ++++
D. van der Spoel, E. Lindahl, B. Hess, G. Groenhof, A. E. Mark and H. J. C.
Berendsen
GROMACS: Fast, Flexible and Free
J. Comp. Chem. 26 (2005) pp. 1701-1719
-------- -------- --- Thank You --- -------- --------


++++ PLEASE READ AND CITE THE FOLLOWING REFERENCE ++++
E. Lindahl and B. Hess and D. van der Spoel
GROMACS 3.0: A package for molecular simulation and trajectory analysis
J. Mol. Mod. 7 (2001) pp. 306-317
-------- -------- --- Thank You --- -------- --------


++++ PLEASE READ AND CITE THE FOLLOWING REFERENCE ++++
H. J. C. Berendsen, D. van der Spoel and R. van Drunen
GROMACS: A message-passing parallel molecular dynamics implementation
Comp. Phys. Comm. 91 (1995) pp. 43-56
-------- -------- --- Thank You --- -------- --------

Input Parameters:
   integrator                     = md
   tinit                          = 0
   dt                             = 0.002
   nsteps                         = 5000
   init-step                      = 0
   simulation-part                = 1
   comm-mode                      = Linear
   nstcomm                        = 100
   bd-fric                        = 0
   ld-seed                        = -402468351
   emtol                          = 10
   emstep                         = 0.01
   niter                          = 20
   fcstep                         = 0
   nstcgsteep                     = 1000
   nbfgscorr                      = 10
   rtpi                           = 0.05
   nstxout                        = 500
   nstvout                        = 500
   nstfout                        = 0
   nstlog                         = 500
   nstcalcenergy                  = 100
   nstenergy                      = 500
   nstxout-compressed             = 1000
   compressed-x-precision         = 1000
   cutoff-scheme                  = Verlet
   nstlist                        = 10
   ns-type                        = Grid
   pbc                            = xyz
   periodic-molecules             = false
   verlet-buffer-tolerance        = 0.005
   rlist                          = 1
   coulombtype                    = PME
   coulomb-modifier               = Potential-shift
   rcoulomb-switch                = 0
   rcoulomb                       = 1
   epsilon-r                      = 1
   epsilon-rf                     = inf
   vdw-type                       = Cut-off
   vdw-modifier                   = Potential-shift
   rvdw-switch                    = 0
   rvdw                           = 1
   DispCorr                       = EnerPres
   table-extension                = 1
   fourierspacing                 = 0.12
   fourier-nx                     = 60
   fourier-ny                     = 60
   fourier-nz                     = 60
   pme-order                      = 4
   ewald-rtol                     = 1e-05
   ewald-rtol-lj                  = 0.001
   lj-pme-comb-rule               = Geometric
   ewald-geometry                 = 0
   epsilon-surface                = 0
   implicit-solvent               = No
   gb-algorithm                   = Still
   nstgbradii                     = 1
   rgbradii                       = 1
   gb-epsilon-solvent             = 80
   gb-saltconc                    = 0
   gb-obc-alpha                   = 1
   gb-obc-beta                    = 0.8
   gb-obc-gamma                   = 4.85
   gb-dielectric-offset           = 0.009
   sa-algorithm                   = Ace-approximation
   sa-surface-tension             = 2.05016
   tcoupl                         = V-rescale
   nsttcouple                     = 10
   nh-chain-length                = 0
   print-nose-hoover-chain-variables = false
   pcoupl                         = Parrinello-Rahman
   pcoupltype                     = Isotropic
   nstpcouple                     = 10
   tau-p                          = 1
   compressibility (3x3):
      compressibility[    0]={ 4.50000e-05,  0.00000e+00,  0.00000e+00}
      compressibility[    1]={ 0.00000e+00,  4.50000e-05,  0.00000e+00}
      compressibility[    2]={ 0.00000e+00,  0.00000e+00,  4.50000e-05}
   ref-p (3x3):
      ref-p[    0]={ 1.00000e+00,  0.00000e+00,  0.00000e+00}
      ref-p[    1]={ 0.00000e+00,  1.00000e+00,  0.00000e+00}
      ref-p[    2]={ 0.00000e+00,  0.00000e+00,  1.00000e+00}
   refcoord-scaling               = COM
   posres-com (3):
      posres-com[0]= 4.97481e-01
      posres-com[1]= 5.02086e-01
      posres-com[2]= 4.99399e-01
   posres-comB (3):
      posres-comB[0]= 4.97481e-01
      posres-comB[1]= 5.02086e-01
      posres-comB[2]= 4.99399e-01
   QMMM                           = false
   QMconstraints                  = 0
   QMMMscheme                     = 0
   MMChargeScaleFactor            = 1
qm-opts:
   ngQM                           = 0
   constraint-algorithm           = Lincs
   continuation                   = true
   Shake-SOR                      = false
   shake-tol                      = 0.0001
   lincs-order                    = 4
   lincs-iter                     = 1
   lincs-warnangle                = 30
   nwall                          = 0
   wall-type                      = 9-3
   wall-r-linpot                  = -1
   wall-atomtype[0]               = -1
   wall-atomtype[1]               = -1
   wall-density[0]                = 0
   wall-density[1]                = 0
   wall-ewald-zfac                = 3
   pull                           = false
   awh                            = false
   rotation                       = false
   interactiveMD                  = false
   disre                          = No
   disre-weighting                = Conservative
   disre-mixed                    = false
   dr-fc                          = 1000
   dr-tau                         = 0
   nstdisreout                    = 100
   orire-fc                       = 0
   orire-tau                      = 0
   nstorireout                    = 100
   free-energy                    = no
   cos-acceleration               = 0
   deform (3x3):
      deform[    0]={ 0.00000e+00,  0.00000e+00,  0.00000e+00}
      deform[    1]={ 0.00000e+00,  0.00000e+00,  0.00000e+00}
      deform[    2]={ 0.00000e+00,  0.00000e+00,  0.00000e+00}
   simulated-tempering            = false
   swapcoords                     = no
   userint1                       = 0
   userint2                       = 0
   userint3                       = 0
   userint4                       = 0
   userreal1                      = 0
   userreal2                      = 0
   userreal3                      = 0
   userreal4                      = 0
   applied-forces:
     electric-field:
       x:
         E0                       = 0
         omega                    = 0
         t0                       = 0
         sigma                    = 0
       y:
         E0                       = 0
         omega                    = 0
         t0                       = 0
         sigma                    = 0
       z:
         E0                       = 0
         omega                    = 0
         t0                       = 0
         sigma                    = 0
grpopts:
   nrdf:     3904.83     63771.2
   ref-t:         300         300
   tau-t:         0.1         0.1
annealing:          No          No
annealing-npoints:           0           0
   acc:	           0           0           0
   nfreeze:           N           N           N
   energygrp-flags[  0]: 0

Changing nstlist from 10 to 50, rlist from 1 to 1.115


Initializing Domain Decomposition on 8 ranks
Dynamic load balancing: locked
Initial maximum inter charge-group distances:
    two-body bonded interactions: 0.435 nm, LJ-14, atoms 1161 1410
  multi-body bonded interactions: 0.435 nm, Proper Dih., atoms 1161 1410
Minimum cell size due to bonded interactions: 0.478 nm
Maximum distance for 5 constraints, at 120 deg. angles, all-trans: 0.871 nm
Estimated maximum distance required for P-LINCS: 0.871 nm
This distance will limit the DD cell size, you can override this with -rcon
Using 0 separate PME ranks, as there are too few total
 ranks for efficient splitting
Scaling the initial minimum size with 1/0.8 (option -dds) = 1.25
Optimizing the DD grid for 8 cells with a minimum initial size of 1.089 nm
The maximum allowed number of cells is: X 6 Y 6 Z 6
Domain decomposition grid 4 x 2 x 1, separate PME ranks 0
PME domain decomposition: 4 x 2 x 1
Domain decomposition rank 0, coordinates 0 0 0

The initial number of communication pulses is: X 1 Y 1
The initial domain decomposition cell size is: X 1.75 nm Y 3.51 nm

The maximum allowed distance for charge groups involved in interactions is:
                 non-bonded interactions           1.115 nm
(the following are initial values, they could change due to box deformation)
            two-body bonded interactions  (-rdd)   1.115 nm
          multi-body bonded interactions  (-rdd)   1.115 nm
  atoms separated by up to 5 constraints  (-rcon)  1.753 nm

When dynamic load balancing gets turned on, these settings will change to:
The maximum number of communication pulses is: X 1 Y 1
The minimum size for domain decomposition cells is 1.115 nm
The requested allowed shrink of DD cells (option -dds) is: 0.80
The allowed shrink of domain decomposition cells is: X 0.64 Y 0.32
The maximum allowed distance for charge groups involved in interactions is:
                 non-bonded interactions           1.115 nm
            two-body bonded interactions  (-rdd)   1.115 nm
          multi-body bonded interactions  (-rdd)   1.115 nm
  atoms separated by up to 5 constraints  (-rcon)  1.115 nm

Using 8 MPI threads
System total charge: 0.000
Will do PME sum in reciprocal space for electrostatic interactions.

++++ PLEASE READ AND CITE THE FOLLOWING REFERENCE ++++
U. Essmann, L. Perera, M. L. Berkowitz, T. Darden, H. Lee and L. G. Pedersen 
A smooth particle mesh Ewald method
J. Chem. Phys. 103 (1995) pp. 8577-8592
-------- -------- --- Thank You --- -------- --------

Using a Gaussian width (1/beta) of 0.320163 nm for Ewald
Potential shift: LJ r^-12: -1.000e+00 r^-6: -1.000e+00, Ewald -1.000e-05
Initialized non-bonded Ewald correction tables, spacing: 9.33e-04 size: 1073

Long Range LJ corr.: <C6> 3.1941e-04
Generated table with 1057 data points for Ewald.
Tabscale = 500 points/nm
Generated table with 1057 data points for LJ6.
Tabscale = 500 points/nm
Generated table with 1057 data points for LJ12.
Tabscale = 500 points/nm
Generated table with 1057 data points for 1-4 COUL.
Tabscale = 500 points/nm
Generated table with 1057 data points for 1-4 LJ6.
Tabscale = 500 points/nm
Generated table with 1057 data points for 1-4 LJ12.
Tabscale = 500 points/nm

Using SIMD 4x8 nonbonded short-range kernels

Using a dual 4x8 pair-list setup updated with dynamic pruning:
  outer list: updated every 50 steps, buffer 0.115 nm, rlist 1.115 nm
  inner list: updated every 12 steps, buffer 0.002 nm, rlist 1.002 nm
At tolerance 0.005 kJ/mol/ps per atom, equivalent classical 1x1 list would be:
  outer list: updated every 50 steps, buffer 0.243 nm, rlist 1.243 nm
  inner list: updated every 12 steps, buffer 0.047 nm, rlist 1.047 nm

Using Lorentz-Berthelot Lennard-Jones combination rule


Initializing Parallel LINear Constraint Solver

++++ PLEASE READ AND CITE THE FOLLOWING REFERENCE ++++
B. Hess
P-LINCS: A Parallel Linear Constraint Solver for molecular simulation
J. Chem. Theory Comput. 4 (2008) pp. 116-122
-------- -------- --- Thank You --- -------- --------

The number of constraints is 1990
There are inter charge-group constraints,
will communicate selected coordinates each lincs iteration

++++ PLEASE READ AND CITE THE FOLLOWING REFERENCE ++++
S. Miyamoto and P. A. Kollman
SETTLE: An Analytical Version of the SHAKE and RATTLE Algorithms for Rigid
Water Models
J. Comp. Chem. 13 (1992) pp. 952-962
-------- -------- --- Thank You --- -------- --------


Linking all bonded interactions to atoms


Intra-simulation communication will occur every 10 steps.
Center of mass motion removal mode is Linear
We have the following groups for center of mass motion removal:
  0:  rest

++++ PLEASE READ AND CITE THE FOLLOWING REFERENCE ++++
G. Bussi, D. Donadio and M. Parrinello
Canonical sampling through velocity rescaling
J. Chem. Phys. 126 (2007) pp. 014101
-------- -------- --- Thank You --- -------- --------

There are: 33838 Atoms
Atom distribution over 8 domains: av 4229 stddev 96 min 4175 max 4328

Started mdrun on rank 0 Mon Jan 21 22:30:35 2019
           Step           Time
              0        0.00000

   Energies (kJ/mol)
          Angle    Proper Dih.  Improper Dih.          LJ-14     Coulomb-14
    3.96952e+03    5.17951e+03    2.57695e+02    2.13941e+03    1.69716e+04
        LJ (SR)  Disper. corr.   Coulomb (SR)   Coul. recip. Position Rest.
    9.20523e+04   -4.44168e+03   -6.44060e+05    3.20406e+03    1.22292e-01
      Potential    Kinetic En.   Total Energy  Conserved En.    Temperature
   -5.24727e+05    8.47383e+04   -4.39989e+05   -4.39968e+05    3.01190e+02
 Pres. DC (bar) Pressure (bar)   Constr. rmsd
   -2.14366e+02   -4.16724e+02    2.71033e-05

DD  step 49 load imb.: force  7.7%


step 150 Turning on dynamic load balancing, because the performance loss due to load imbalance is 3.9 %.

DD  step 499  vol min/aver 0.915  load imb.: force  2.6%

           Step           Time
            500        1.00000

   Energies (kJ/mol)
          Angle    Proper Dih.  Improper Dih.          LJ-14     Coulomb-14
    3.90871e+03    5.14653e+03    2.95226e+02    2.12889e+03    1.69301e+04
        LJ (SR)  Disper. corr.   Coulomb (SR)   Coul. recip. Position Rest.
    9.33594e+04   -4.53281e+03   -6.47111e+05    3.00487e+03    4.26506e+02
      Potential    Kinetic En.   Total Energy  Conserved En.    Temperature
   -5.26444e+05    8.47516e+04   -4.41692e+05   -4.39980e+05    3.01237e+02
 Pres. DC (bar) Pressure (bar)   Constr. rmsd
   -2.23242e+02   -1.04280e+02    2.90697e-05

DD  step 999  vol min/aver 0.924  load imb.: force  1.7%

           Step           Time
           1000        2.00000

   Energies (kJ/mol)
          Angle    Proper Dih.  Improper Dih.          LJ-14     Coulomb-14
    3.79960e+03    5.23696e+03    2.60022e+02    2.08984e+03    1.69846e+04
        LJ (SR)  Disper. corr.   Coulomb (SR)   Coul. recip. Position Rest.
    9.36280e+04   -4.54272e+03   -6.47422e+05    3.07325e+03    4.68494e+02
      Potential    Kinetic En.   Total Energy  Conserved En.    Temperature
   -5.26424e+05    8.44963e+04   -4.41928e+05   -4.39994e+05    3.00330e+02
 Pres. DC (bar) Pressure (bar)   Constr. rmsd
   -2.24218e+02   -4.52158e+01    2.77171e-05

DD  step 1499  vol min/aver 0.915  load imb.: force  7.8%

           Step           Time
           1500        3.00000

   Energies (kJ/mol)
          Angle    Proper Dih.  Improper Dih.          LJ-14     Coulomb-14
    3.93984e+03    5.18258e+03    2.74587e+02    2.09101e+03    1.71555e+04
        LJ (SR)  Disper. corr.   Coulomb (SR)   Coul. recip. Position Rest.
    9.33708e+04   -4.55856e+03   -6.48513e+05    3.06089e+03    4.27238e+02
      Potential    Kinetic En.   Total Energy  Conserved En.    Temperature
   -5.27569e+05    8.48594e+04   -4.42710e+05   -4.40021e+05    3.01621e+02
 Pres. DC (bar) Pressure (bar)   Constr. rmsd
   -2.25783e+02   -1.13647e+02    2.72292e-05

DD  step 1999  vol min/aver 0.910  load imb.: force  1.1%


step 2000 Turning off dynamic load balancing, because it is degrading performance.

Atom distribution over 8 domains: av 4229 stddev 91 min 4165 max 4286
           Step           Time
           2000        4.00000

   Energies (kJ/mol)
          Angle    Proper Dih.  Improper Dih.          LJ-14     Coulomb-14
    3.88374e+03    5.22744e+03    2.49641e+02    2.16360e+03    1.70604e+04
        LJ (SR)  Disper. corr.   Coulomb (SR)   Coul. recip. Position Rest.
    9.25205e+04   -4.56427e+03   -6.46150e+05    3.03007e+03    4.76168e+02
      Potential    Kinetic En.   Total Energy  Conserved En.    Temperature
   -5.26103e+05    8.40102e+04   -4.42093e+05   -4.40035e+05    2.98602e+02
 Pres. DC (bar) Pressure (bar)   Constr. rmsd
   -2.26348e+02    1.79169e+00    2.70545e-05

DD  step 2499 load imb.: force  7.4%

           Step           Time
           2500        5.00000

   Energies (kJ/mol)
          Angle    Proper Dih.  Improper Dih.          LJ-14     Coulomb-14
    3.73338e+03    5.12966e+03    2.84158e+02    2.14028e+03    1.69888e+04
        LJ (SR)  Disper. corr.   Coulomb (SR)   Coul. recip. Position Rest.
    9.35328e+04   -4.55252e+03   -6.48735e+05    3.07483e+03    4.55488e+02
      Potential    Kinetic En.   Total Energy  Conserved En.    Temperature
   -5.27948e+05    8.52484e+04   -4.42700e+05   -4.40060e+05    3.03003e+02
 Pres. DC (bar) Pressure (bar)   Constr. rmsd
   -2.25185e+02    1.13925e+01    2.53879e-05

DD  step 2999 load imb.: force  6.1%

           Step           Time
           3000        6.00000

   Energies (kJ/mol)
          Angle    Proper Dih.  Improper Dih.          LJ-14     Coulomb-14
    3.91441e+03    5.21007e+03    2.50147e+02    2.14916e+03    1.69088e+04
        LJ (SR)  Disper. corr.   Coulomb (SR)   Coul. recip. Position Rest.
    9.44051e+04   -4.56797e+03   -6.49292e+05    3.03850e+03    4.63929e+02
      Potential    Kinetic En.   Total Energy  Conserved En.    Temperature
   -5.27520e+05    8.45545e+04   -4.42965e+05   -4.40069e+05    3.00537e+02
 Pres. DC (bar) Pressure (bar)   Constr. rmsd
   -2.26714e+02    1.73430e+02    2.65575e-05

DD  step 3499 load imb.: force  9.9%

           Step           Time
           3500        7.00000

   Energies (kJ/mol)
          Angle    Proper Dih.  Improper Dih.          LJ-14     Coulomb-14
    3.91753e+03    5.13585e+03    2.80389e+02    2.19167e+03    1.71136e+04
        LJ (SR)  Disper. corr.   Coulomb (SR)   Coul. recip. Position Rest.
    9.46138e+04   -4.55386e+03   -6.47903e+05    3.02186e+03    4.58349e+02
      Potential    Kinetic En.   Total Energy  Conserved En.    Temperature
   -5.25724e+05    8.40843e+04   -4.41640e+05   -4.40071e+05    2.98866e+02
 Pres. DC (bar) Pressure (bar)   Constr. rmsd
   -2.25317e+02    3.76669e+02    2.33863e-05

DD  step 3999 load imb.: force  3.9%

           Step           Time
           4000        8.00000

   Energies (kJ/mol)
          Angle    Proper Dih.  Improper Dih.          LJ-14     Coulomb-14
    3.86809e+03    5.18374e+03    2.53496e+02    2.13349e+03    1.69446e+04
        LJ (SR)  Disper. corr.   Coulomb (SR)   Coul. recip. Position Rest.
    9.31298e+04   -4.56031e+03   -6.46996e+05    2.95917e+03    4.53234e+02
      Potential    Kinetic En.   Total Energy  Conserved En.    Temperature
   -5.26630e+05    8.48920e+04   -4.41738e+05   -4.40146e+05    3.01737e+02
 Pres. DC (bar) Pressure (bar)   Constr. rmsd
   -2.25955e+02   -7.48105e+01    2.74804e-05

DD  step 4499 load imb.: force  4.1%

           Step           Time
           4500        9.00000

   Energies (kJ/mol)
          Angle    Proper Dih.  Improper Dih.          LJ-14     Coulomb-14
    3.86077e+03    5.28344e+03    2.62424e+02    2.20393e+03    1.70637e+04
        LJ (SR)  Disper. corr.   Coulomb (SR)   Coul. recip. Position Rest.
    9.46178e+04   -4.54849e+03   -6.49993e+05    3.03651e+03    4.72602e+02
      Potential    Kinetic En.   Total Energy  Conserved En.    Temperature
   -5.27741e+05    8.44502e+04   -4.43291e+05   -4.40146e+05    3.00166e+02
 Pres. DC (bar) Pressure (bar)   Constr. rmsd
   -2.24787e+02    2.16098e+02    2.52799e-05

DD  step 4999 load imb.: force  4.7%

           Step           Time
           5000       10.00000

Writing checkpoint, step 5000 at Mon Jan 21 22:31:19 2019


   Energies (kJ/mol)
          Angle    Proper Dih.  Improper Dih.          LJ-14     Coulomb-14
    3.67696e+03    5.23625e+03    2.76224e+02    2.13893e+03    1.70398e+04
        LJ (SR)  Disper. corr.   Coulomb (SR)   Coul. recip. Position Rest.
    9.39646e+04   -4.56165e+03   -6.49468e+05    3.03071e+03    4.01387e+02
      Potential    Kinetic En.   Total Energy  Conserved En.    Temperature
   -5.28265e+05    8.45773e+04   -4.43688e+05   -4.40177e+05    3.00618e+02
 Pres. DC (bar) Pressure (bar)   Constr. rmsd
   -2.26088e+02    5.72838e+01    2.57897e-05

	<======  ###############  ==>
	<====  A V E R A G E S  ====>
	<==  ###############  ======>

	Statistics over 5001 steps using 51 frames

   Energies (kJ/mol)
          Angle    Proper Dih.  Improper Dih.          LJ-14     Coulomb-14
    3.89477e+03    5.17842e+03    2.65569e+02    2.12334e+03    1.70106e+04
        LJ (SR)  Disper. corr.   Coulomb (SR)   Coul. recip. Position Rest.
    9.35668e+04   -4.55478e+03   -6.47838e+05    3.04396e+03    4.36133e+02
      Potential    Kinetic En.   Total Energy  Conserved En.    Temperature
   -5.26873e+05    8.45548e+04   -4.42318e+05   -4.40058e+05    3.00538e+02
 Pres. DC (bar) Pressure (bar)   Constr. rmsd
   -2.25414e+02    2.16402e+00    0.00000e+00

          Box-X          Box-Y          Box-Z
    6.95168e+00    6.95168e+00    6.95168e+00

   Total Virial (kJ/mol)
    2.87473e+04    8.06704e+01   -2.00439e+02
    7.68016e+01    2.79867e+04    6.01093e+02
   -2.00381e+02    6.03331e+02    2.77622e+04

   Pressure (bar)
   -5.32027e+01   -8.84073e+00    1.99262e+01
   -8.45994e+00    2.15210e+01   -5.98217e+01
    1.99190e+01   -6.00415e+01    3.81737e+01

      T-Protein  T-non-Protein
    3.01613e+02    3.00472e+02


	M E G A - F L O P S   A C C O U N T I N G

 NB=Group-cutoff nonbonded kernels    NxN=N-by-N cluster Verlet kernels
 RF=Reaction-Field  VdW=Van der Waals  QSTab=quadratic-spline table
 W3=SPC/TIP3p  W4=TIP4p (single or pairs)
 V&F=Potential and force  V=Potential only  F=Force only

 Computing:                               M-Number         M-Flops  % Flops
-----------------------------------------------------------------------------
 Pair Search distance check            1503.942036       13535.478     0.2
 NxN Ewald Elec. + LJ [F]             54520.700096     3598366.206    51.2
 NxN Ewald Elec. + LJ [V&F]             561.420128       60071.954     0.9
 NxN Ewald Elec. [F]                  46919.704576     2862101.979    40.7
 NxN Ewald Elec. [V&F]                  483.404192       40605.952     0.6
 1,4 nonbonded interactions              25.590117        2303.111     0.0
 Calc Weights                           507.671514       18276.175     0.3
 Spread Q Bspline                     10830.325632       21660.651     0.3
 Gather F Bspline                     10830.325632       64981.954     0.9
 3D-FFT                               38284.305330      306274.443     4.4
 Solve PME                               36.007200        2304.461     0.0
 Reset In Box                             3.349962          10.050     0.0
 CG-CoM                                   3.417638          10.253     0.0
 Angles                                  17.773554        2985.957     0.0
 Propers                                 27.915582        6392.668     0.1
 Impropers                                2.160432         449.370     0.0
 Pos. Restr.                              5.031006         251.550     0.0
 Virial                                  17.133198         308.398     0.0
 Stop-CM                                  1.725738          17.257     0.0
 Calc-Ekin                               33.905676         915.453     0.0
 Lincs                                   15.036896         902.214     0.0
 Lincs-Mat                              319.103952        1276.416     0.0
 Constraint-V                           201.544885        1612.359     0.0
 Constraint-Vir                          18.684359         448.425     0.0
 Settle                                  57.157031       18461.721     0.3
-----------------------------------------------------------------------------
 Total                                                 7024524.454   100.0
-----------------------------------------------------------------------------


    D O M A I N   D E C O M P O S I T I O N   S T A T I S T I C S

 av. #atoms communicated per step for force:  2 x 38123.6
 av. #atoms communicated per step for LINCS:  2 x 3510.8


 Dynamic load balancing report:
 DLB was off during the run due to low measured imbalance.
 Average load imbalance: 3.1%.
 The balanceable part of the MD step is 62%, load imbalance is computed from this.
 Part of the total run time spent waiting due to load imbalance: 1.9%.


     R E A L   C Y C L E   A N D   T I M E   A C C O U N T I N G

On 8 MPI ranks

 Computing:          Num   Num      Call    Wall time         Giga-Cycles
                     Ranks Threads  Count      (s)         total sum    %
-----------------------------------------------------------------------------
 Domain decomp.         8    1        100       0.293          6.585   0.7
 DD comm. load          8    1         45       0.001          0.019   0.0
 DD comm. bounds        8    1         37       0.002          0.038   0.0
 Neighbor search        8    1        101       0.744         16.702   1.7
 Comm. coord.           8    1       4900       0.577         12.956   1.3
 Force                  8    1       5001      26.200        588.535  59.9
 Wait + Comm. F         8    1       5001       0.374          8.412   0.9
 PME mesh               8    1       5001      12.960        291.138  29.6
 NB X/F buffer ops.     8    1      14801       0.441          9.896   1.0
 Write traj.            8    1         11       0.049          1.090   0.1
 Update                 8    1       5001       0.552         12.401   1.3
 Constraints            8    1       5001       1.405         31.562   3.2
 Comm. energies         8    1        501       0.028          0.631   0.1
 Rest                                           0.124          2.782   0.3
-----------------------------------------------------------------------------
 Total                                         43.748        982.749 100.0
-----------------------------------------------------------------------------
 Breakdown of PME mesh computation
-----------------------------------------------------------------------------
 PME redist. X/F        8    1      10002       4.206         94.484   9.6
 PME spread             8    1       5001       3.216         72.244   7.4
 PME gather             8    1       5001       1.679         37.708   3.8
 PME 3D-FFT             8    1      10002       2.782         62.503   6.4
 PME 3D-FFT Comm.       8    1      20004       0.621         13.949   1.4
 PME solve Elec         8    1       5001       0.447         10.049   1.0
-----------------------------------------------------------------------------

               Core t (s)   Wall t (s)        (%)
       Time:      349.988       43.748      800.0
                 (ns/day)    (hour/ns)
Performance:       19.753        1.215
Finished mdrun on rank 0 Mon Jan 21 22:31:19 2019
